<?xml version="1.0" encoding="UTF-8"?>
<!-- Generated by org.testng.reporters.JUnitReportReporter -->
<testsuite hostname="DESKTOP-9P2I9F6" failures="0" tests="1" name="serviceNow.LaunchInstance" time="21.008" errors="0" timestamp="22 Aug 2020 16:44:33 GMT" skipped="0">
  <testcase classname="serviceNow.LaunchInstance" name="test_servicenow1" time="21.008"/>
</testsuite> <!-- serviceNow.LaunchInstance -->
