<?xml version="1.0" encoding="UTF-8"?>
<!-- Generated by org.testng.reporters.JUnitReportReporter -->
<testsuite hostname="DESKTOP-9P2I9F6" failures="0" tests="1" name="JavascriptExecutor.PageTitle" time="12.357" errors="0" timestamp="2020-08-30T09:30:53 EDT" skipped="0">
  <testcase classname="JavascriptExecutor.PageTitle" name="pagetitle" time="12.357"/>
</testsuite> <!-- JavascriptExecutor.PageTitle -->
