<?xml version="1.0" encoding="UTF-8"?>
<!-- Generated by org.testng.reporters.JUnitReportReporter -->
<testsuite hostname="DESKTOP-9P2I9F6" failures="0" tests="1" name="Week4.day1.exampleDevlab_edit" time="7.381" errors="0" timestamp="17 Aug 2020 22:46:40 GMT" skipped="0">
  <testcase classname="Week4.day1.exampleDevlab_edit" name="test_edit" time="7.381"/>
</testsuite> <!-- Week4.day1.exampleDevlab_edit -->
