<?xml version="1.0" encoding="UTF-8"?>
<!-- Generated by org.testng.reporters.JUnitReportReporter -->
<testsuite hostname="DESKTOP-9P2I9F6" failures="0" tests="1" name="serviceNow.UI_validation_ServiceNow" time="14.890" errors="0" timestamp="22 Aug 2020 16:44:33 GMT" skipped="0">
  <testcase classname="serviceNow.UI_validation_ServiceNow" name="test_UIvalidation" time="14.890"/>
</testsuite> <!-- serviceNow.UI_validation_ServiceNow -->
