<?xml version="1.0" encoding="UTF-8"?>
<!-- Generated by org.testng.reporters.JUnitReportReporter -->
<testsuite hostname="DESKTOP-9P2I9F6" failures="0" tests="2" name="runner.CreateNew_NG" time="35.655" errors="0" timestamp="2020-09-03T15:32:25 EDT" skipped="1">
  <testcase classname="runner.CreateNew_NG" name="runScenario" time="21.385">
    <skipped/>
  </testcase> <!-- runScenario -->
  <testcase classname="runner.CreateNew_NG" name="runScenario" time="14.270"/>
</testsuite> <!-- runner.CreateNew_NG -->
