<?xml version="1.0" encoding="UTF-8"?>
<!-- Generated by org.testng.reporters.JUnitReportReporter -->
<testsuite hostname="DESKTOP-9P2I9F6" failures="0" tests="1" name="serviceNow.serviceNow_incidentInfo" time="24.981" errors="0" timestamp="22 Aug 2020 16:44:33 GMT" skipped="0">
  <testcase classname="serviceNow.serviceNow_incidentInfo" name="test_IncidentInformation" time="24.981"/>
</testsuite> <!-- serviceNow.serviceNow_incidentInfo -->
