<?xml version="1.0" encoding="UTF-8"?>
<!-- Generated by org.testng.reporters.JUnitReportReporter -->
<testsuite hostname="DESKTOP-9P2I9F6" failures="0" tests="1" name="Week4.day1.Practice1_verizon" time="9.352" errors="0" timestamp="17 Aug 2020 03:02:21 GMT" skipped="0">
  <testcase classname="Week4.day1.Practice1_verizon" name="test_Verizon" time="9.352"/>
</testsuite> <!-- Week4.day1.Practice1_verizon -->
