<?xml version="1.0" encoding="UTF-8"?>
<!-- Generated by org.testng.reporters.JUnitReportReporter -->
<testsuite hostname="DESKTOP-9P2I9F6" failures="0" tests="1" name="Week4.day1.LoginPage" time="8.062" errors="0" timestamp="15 Aug 2020 15:22:58 GMT" skipped="0">
  <testcase classname="Week4.day1.LoginPage" name="testLogin" time="8.062"/>
</testsuite> <!-- Week4.day1.LoginPage -->
