<?xml version="1.0" encoding="UTF-8"?>
<!-- Generated by org.testng.reporters.JUnitReportReporter -->
<testsuite hostname="DESKTOP-9P2I9F6" failures="0" tests="1" name="Week4.day1.AlertBox" time="11.849" errors="0" timestamp="16 Aug 2020 16:33:12 GMT" skipped="0">
  <testcase classname="Week4.day1.AlertBox" name="TC001_alert" time="11.849"/>
</testsuite> <!-- Week4.day1.AlertBox -->
