<?xml version="1.0" encoding="UTF-8"?>
<!-- Generated by org.testng.reporters.JUnitReportReporter -->
<testsuite hostname="DESKTOP-9P2I9F6" failures="0" tests="1" name="Week4.day1.DevLabsButton" time="7.334" errors="0" timestamp="22 Aug 2020 04:13:12 GMT" skipped="0">
  <testcase classname="Week4.day1.DevLabsButton" name="test_Button" time="7.334"/>
</testsuite> <!-- Week4.day1.DevLabsButton -->
